2026-09-20T11:44:49-03:00
============================= test session starts ==============================
platform linux -- Python 3.12.13, pytest-9.1.1, pluggy-1.6.0 -- /home/ntl/workspace/SomposSprints/api/.venv/bin/python
cachedir: .pytest_cache
rootdir: /home/ntl/workspace/SomposSprints/api
configfile: pyproject.toml
testpaths: tests
plugins: anyio-4.15.1
collecting ... collected 601 items / 586 deselected / 15 selected

tests/e2e/test_broker_outage.py::test_api_recovers_after_the_broker_goes_down [e2e] API no ar em 0.7 s, ponte MQTT assinada em +1.0 s (prefixo agrishield/fiap-sompo-2026-e2e-bd48f897, broker 127.0.0.1:53065)
[sim] conectado a broker.hivemq.com:1883 em 0.99 s
[sim] status -> online (retained)
[sim] telemetria seq=1 roll=5° nível=green
[e2e] broker derrubado (proxy morto)
[sim] telemetria seq=2 roll=6° nível=green
[e2e] broker de volta 3.0 s depois
[e2e] a API percebeu a queda 57.9 s depois dela
[e2e] API reassinou os três tópicos 56.9 s depois de o broker voltar (59.9 s depois da queda)
[sim] telemetria seq=3 roll=7° nível=green
[e2e] telemetria nova gravada depois da volta (seq=3, 57.2 s depois de o broker voltar)
[e2e] seq gravados: [1, 3] — a leitura publicada durante a queda (seq=2) se perdeu, como manda o QoS 0
[sim] retained apagado em agrishield/fiap-sompo-2026-e2e-bd48f897/devices/tractor-02/status
[sim] retained apagado em agrishield/fiap-sompo-2026-e2e-bd48f897/devices/tractor-02/config
[sim] desconectado (saída limpa)
PASSED
tests/e2e/test_burst_and_dirty.py::test_burst_of_100_messages_has_no_loss_and_no_duplicates [e2e] API no ar em 0.7 s, ponte MQTT assinada em +1.0 s (prefixo agrishield/fiap-sompo-2026-e2e-c62dff50, broker broker.hivemq.com:1883)

$ /home/ntl/workspace/SomposSprints/api/.venv/bin/python /home/ntl/workspace/SomposSprints/scripts/simulate_device.py --scenario rajada --device-id tractor-02 --prefix agrishield/fiap-sompo-2026-e2e-c62dff50 --host broker.hivemq.com --port 1883 --summary-json /tmp/pytest-of-ntl/pytest-103/test_burst_of_100_messages_has0/sim-rajada-d77a20.json --clean-retained --count 100 --interval 0.05
[sim] cenário 'rajada' | device=tractor-02 | broker=broker.hivemq.com:1883 | prefixo=agrishield/fiap-sompo-2026-e2e-c62dff50
[sim] conectado a broker.hivemq.com:1883 em 0.98 s
[sim] status -> online (retained)
[sim] telemetria seq=1 roll=3° nível=green
[sim] telemetria seq=2 roll=3.85° nível=green
[sim] telemetria seq=3 roll=4.69° nível=green
[sim] telemetria seq=4 roll=5.49° nível=green
[sim] telemetria seq=5 roll=6.25° nível=green
[sim] telemetria seq=6 roll=6.93° nível=green
[sim] telemetria seq=7 roll=7.54° nível=green
[sim] telemetria seq=8 roll=8.05° nível=yellow
[sim] telemetria seq=9 roll=8.46° nível=yellow
[sim] telemetria seq=10 roll=8.76° nível=yellow
[sim] telemetria seq=11 roll=8.94° nível=yellow
[sim] telemetria seq=12 roll=9° nível=yellow
[sim] telemetria seq=13 roll=8.94° nível=yellow
[sim] telemetria seq=14 roll=8.76° nível=yellow
[sim] telemetria seq=15 roll=8.46° nível=yellow
[sim] telemetria seq=16 roll=8.04° nível=yellow
[sim] telemetria seq=17 roll=7.53° nível=green
[sim] telemetria seq=18 roll=6.92° nível=green
[sim] telemetria seq=19 roll=6.24° nível=green
[sim] telemetria seq=20 roll=5.49° nível=green
[sim] telemetria seq=21 roll=4.68° nível=green
[sim] telemetria seq=22 roll=3.85° nível=green
[sim] telemetria seq=23 roll=2.99° nível=green
[sim] telemetria seq=24 roll=2.14° nível=green
[sim] telemetria seq=25 roll=1.3° nível=green
[sim] telemetria seq=26 roll=0.5° nível=green
[sim] telemetria seq=27 roll=-0.25° nível=green
[sim] telemetria seq=28 roll=-0.94° nível=green
[sim] telemetria seq=29 roll=-1.54° nível=green
[sim] telemetria seq=30 roll=-2.05° nível=green
[sim] telemetria seq=31 roll=-2.46° nível=green
[sim] telemetria seq=32 roll=-2.76° nível=green
[sim] telemetria seq=33 roll=-2.94° nível=green
[sim] telemetria seq=34 roll=-3° nível=green
[sim] telemetria seq=35 roll=-2.94° nível=green
[sim] telemetria seq=36 roll=-2.75° nível=green
[sim] telemetria seq=37 roll=-2.45° nível=green
[sim] telemetria seq=38 roll=-2.04° nível=green
[sim] telemetria seq=39 roll=-1.53° nível=green
[sim] telemetria seq=40 roll=-0.92° nível=green
[sim] telemetria seq=41 roll=-0.23° nível=green
[sim] telemetria seq=42 roll=0.52° nível=green
[sim] telemetria seq=43 roll=1.32° nível=green
[sim] telemetria seq=44 roll=2.16° nível=green
[sim] telemetria seq=45 roll=3.02° nível=green
[sim] telemetria seq=46 roll=3.87° nível=green
[sim] telemetria seq=47 roll=4.71° nível=green
[sim] telemetria seq=48 roll=5.51° nível=green
[sim] telemetria seq=49 roll=6.26° nível=green
[sim] telemetria seq=50 roll=6.94° nível=green
[sim] telemetria seq=51 roll=7.55° nível=green
[sim] telemetria seq=52 roll=8.06° nível=yellow
[sim] telemetria seq=53 roll=8.47° nível=yellow
[sim] telemetria seq=54 roll=8.76° nível=yellow
[sim] telemetria seq=55 roll=8.94° nível=yellow
[sim] telemetria seq=56 roll=9° nível=yellow
[sim] telemetria seq=57 roll=8.94° nível=yellow
[sim] telemetria seq=58 roll=8.75° nível=yellow
[sim] telemetria seq=59 roll=8.45° nível=yellow
[sim] telemetria seq=60 roll=8.04° nível=yellow
[sim] telemetria seq=61 roll=7.52° nível=green
[sim] telemetria seq=62 roll=6.91° nível=green
[sim] telemetria seq=63 roll=6.23° nível=green
[sim] telemetria seq=64 roll=5.47° nível=green
[sim] telemetria seq=65 roll=4.67° nível=green
[sim] telemetria seq=66 roll=3.83° nível=green
[sim] telemetria seq=67 roll=2.98° nível=green
[sim] telemetria seq=68 roll=2.12° nível=green
[sim] telemetria seq=69 roll=1.29° nível=green
[sim] telemetria seq=70 roll=0.49° nível=green
[sim] telemetria seq=71 roll=-0.26° nível=green
[sim] telemetria seq=72 roll=-0.95° nível=green
[sim] telemetria seq=73 roll=-1.55° nível=green
[sim] telemetria seq=74 roll=-2.06° nível=green
[sim] telemetria seq=75 roll=-2.47° nível=green
[sim] telemetria seq=76 roll=-2.76° nível=green
[sim] telemetria seq=77 roll=-2.94° nível=green
[sim] telemetria seq=78 roll=-3° nível=green
[sim] telemetria seq=79 roll=-2.94° nível=green
[sim] telemetria seq=80 roll=-2.75° nível=green
[sim] telemetria seq=81 roll=-2.45° nível=green
[sim] telemetria seq=82 roll=-2.03° nível=green
[sim] telemetria seq=83 roll=-1.52° nível=green
[sim] telemetria seq=84 roll=-0.91° nível=green
[sim] telemetria seq=85 roll=-0.22° nível=green
[sim] telemetria seq=86 roll=0.53° nível=green
[sim] telemetria seq=87 roll=1.34° nível=green
[sim] telemetria seq=88 roll=2.18° nível=green
[sim] telemetria seq=89 roll=3.03° nível=green
[sim] telemetria seq=90 roll=3.88° nível=green
[sim] telemetria seq=91 roll=4.72° nível=green
[sim] telemetria seq=92 roll=5.52° nível=green
[sim] telemetria seq=93 roll=6.27° nível=green
[sim] telemetria seq=94 roll=6.95° nível=green
[sim] telemetria seq=95 roll=7.56° nível=green
[sim] telemetria seq=96 roll=8.07° nível=yellow
[sim] telemetria seq=97 roll=8.47° nível=yellow
[sim] telemetria seq=98 roll=8.77° nível=yellow
[sim] telemetria seq=99 roll=8.94° nível=yellow
[sim] telemetria seq=100 roll=9° nível=yellow
[sim] retained apagado em agrishield/fiap-sompo-2026-e2e-c62dff50/devices/tractor-02/status
[sim] retained apagado em agrishield/fiap-sompo-2026-e2e-c62dff50/devices/tractor-02/config
[sim] desconectado (saída limpa)
[sim] resumo salvo em /tmp/pytest-of-ntl/pytest-103/test_burst_of_100_messages_has0/sim-rajada-d77a20.json
[sim] fim: 101 publicações (101 válidas, 0 inválidas), 0 config(s) recebido(s), 6.6 s

[e2e] rajada: 100 publicadas em 5.016 s (19.9 msg/s), 100 gravadas, 0 perdida(s); todas visíveis 0.00 s após o fim da rajada
PASSED
tests/e2e/test_burst_and_dirty.py::test_dirty_payloads_are_discarded_and_api_survives 
$ /home/ntl/workspace/SomposSprints/api/.venv/bin/python /home/ntl/workspace/SomposSprints/scripts/simulate_device.py --scenario sujo --device-id tractor-02 --prefix agrishield/fiap-sompo-2026-e2e-c62dff50 --host broker.hivemq.com --port 1883 --summary-json /tmp/pytest-of-ntl/pytest-103/test_dirty_payloads_are_discar0/sim-sujo-7382ea.json --clean-retained
[sim] cenário 'sujo' | device=tractor-02 | broker=broker.hivemq.com:1883 | prefixo=agrishield/fiap-sompo-2026-e2e-c62dff50
[sim] conectado a broker.hivemq.com:1883 em 0.99 s
[sim] status -> online (retained)
[sim] payload INVÁLIDO (JSON quebrado): {"device_id":"tractor-02","ts":1789500000,"seq":1,
[sim] payload INVÁLIDO (campo obrigatório faltando (tilt_limit_deg)): {"device_id":"tractor-02","ts":1789500000,"seq":2,"roll_deg":5,"pitch_deg":-3,"accel_g":1,"alert_level":"green"}
[sim] payload INVÁLIDO (valor fora de faixa (fire_conditions=9)): {"device_id":"tractor-02","ts":1789500000,"seq":3,"roll_deg":5,"pitch_deg":-3,"accel_g":1,"fire_conditions":9,"tilt_limi
[sim] payload INVÁLIDO (valor fora de faixa (tilt_limit_deg=0)): {"device_id":"tractor-02","ts":1789500000,"seq":4,"roll_deg":5,"pitch_deg":-3,"accel_g":1,"tilt_limit_deg":0,"alert_leve
[sim] payload INVÁLIDO (enum desconhecido (alert_level=purple)): {"device_id":"tractor-02","ts":1789500000,"seq":5,"roll_deg":5,"pitch_deg":-3,"accel_g":1,"tilt_limit_deg":10,"alert_lev
[sim] payload INVÁLIDO (device_id do payload diferente do tópico): {"device_id":"intruso-99","ts":1789500000,"seq":6,"roll_deg":5,"pitch_deg":-3,"accel_g":1,"tilt_limit_deg":10,"alert_lev
[sim] payload INVÁLIDO (JSON que não é objeto): [1,2,3]
[sim] payload INVÁLIDO (payload vazio): 
[sim] payload INVÁLIDO (evento sem event_id): {"device_id":"tractor-02","ts":1789500000,"type":"tilt_alert","roll_deg":12}
[sim] payload INVÁLIDO (tipo de evento desconhecido): {"device_id":"tractor-02","event_id":"x-1","ts":1789500000,"type":"aliens","roll_deg":12}
[sim] payload INVÁLIDO (estado inválido no status): {"device_id":"tractor-02","state":"talvez"}
[sim] telemetria seq=1 roll=7.7° nível=green
[sim] retained apagado em agrishield/fiap-sompo-2026-e2e-c62dff50/devices/tractor-02/status
[sim] retained apagado em agrishield/fiap-sompo-2026-e2e-c62dff50/devices/tractor-02/config
[sim] desconectado (saída limpa)
[sim] resumo salvo em /tmp/pytest-of-ntl/pytest-103/test_dirty_payloads_are_discar0/sim-sujo-7382ea.json
[sim] fim: 13 publicações (2 válidas, 11 inválidas), 0 config(s) recebido(s), 2.8 s

[e2e] sujo: 11 payloads inválidos descartados, 1 sentinela gravada (seq=1, visível 0.00 s depois)
PASSED
tests/e2e/test_edge_cases.py::test_unseen_device_answers_without_data_instead_of_failing PASSED
tests/e2e/test_edge_cases.py::test_unknown_device_is_a_clean_404 PASSED
tests/e2e/test_edge_cases.py::test_write_endpoints_require_the_api_key PASSED
tests/e2e/test_edge_cases.py::test_window_and_limit_parameters_are_validated PASSED
tests/e2e/test_edge_cases.py::test_limit_for_a_date_outside_the_forecast_window PASSED
tests/e2e/test_limit_publish.py::test_published_limit_reaches_the_device_in_time [sim] conectado a broker.hivemq.com:1883 em 1.00 s
[sim] status -> online (retained)
[sim] config recebido (retained=False): limite=10.0° | {"tilt_limit_deg":10.0,"warn_ratio":0.8,"soil_state":"saturated","risk_level":"red","wind_max_kmh":18.5,"valid_until":1789959600,"reason":"solo encharcado: 60,3
[e2e] W4 — config entregue ao dispositivo em 0.307 s depois do clique (a API respondeu em 0.017 s; broker → dispositivo levou 0.290 s). Orçamento: 3 s
PASSED[sim] retained apagado em agrishield/fiap-sompo-2026-e2e-c62dff50/devices/tractor-02/status
[sim] retained apagado em agrishield/fiap-sompo-2026-e2e-c62dff50/devices/tractor-02/config
[sim] desconectado (saída limpa)

tests/e2e/test_limit_publish.py::test_device_receives_retained_config_when_it_connects [sim] conectado a broker.hivemq.com:1883 em 1.00 s
[sim] status -> online (retained)
[sim] config recebido (retained=False): limite=10.0° | {"tilt_limit_deg":10.0,"warn_ratio":0.8,"soil_state":"saturated","risk_level":"red","wind_max_kmh":18.5,"valid_until":1789959600,"reason":"solo encharcado: 60,3
[sim] conectado a broker.hivemq.com:1883 em 1.07 s
[sim] config recebido (retained=True): limite=10.0° | {"tilt_limit_deg":10.0,"warn_ratio":0.8,"soil_state":"saturated","risk_level":"red","wind_max_kmh":18.5,"valid_until":1789959600,"reason":"solo encharcado: 60,3
[e2e] W4 — dispositivo novo recebeu o config retained em 0.141 s
[sim] desconectado (saída limpa)
PASSED[sim] retained apagado em agrishield/fiap-sompo-2026-e2e-c62dff50/devices/tractor-02/status
[sim] retained apagado em agrishield/fiap-sompo-2026-e2e-c62dff50/devices/tractor-02/config
[sim] desconectado (saída limpa)

tests/e2e/test_rollover_and_outage.py::test_rollover_is_stored_once_with_context_and_audit 
$ /home/ntl/workspace/SomposSprints/api/.venv/bin/python /home/ntl/workspace/SomposSprints/scripts/simulate_device.py --scenario capotamento --device-id tractor-02 --prefix agrishield/fiap-sompo-2026-e2e-c62dff50 --host broker.hivemq.com --port 1883 --summary-json /tmp/pytest-of-ntl/pytest-103/test_rollover_is_stored_once_w0/sim-capotamento-b14f7e.json --clean-retained
[sim] cenário 'capotamento' | device=tractor-02 | broker=broker.hivemq.com:1883 | prefixo=agrishield/fiap-sompo-2026-e2e-c62dff50
[sim] conectado a broker.hivemq.com:1883 em 0.98 s
[sim] status -> online (retained)
[sim] telemetria seq=1 roll=60° nível=rollover
[sim] telemetria seq=2 roll=60° nível=rollover
[sim] telemetria seq=3 roll=60° nível=rollover
[sim] evento 'rollover' id=tractor-02-1789915575-1 (773 bytes) × 3 cópias
[sim] retained apagado em agrishield/fiap-sompo-2026-e2e-c62dff50/devices/tractor-02/status
[sim] retained apagado em agrishield/fiap-sompo-2026-e2e-c62dff50/devices/tractor-02/config
[sim] desconectado (saída limpa)
[sim] resumo salvo em /tmp/pytest-of-ntl/pytest-103/test_rollover_is_stored_once_w0/sim-capotamento-b14f7e.json
[sim] fim: 7 publicações (7 válidas, 0 inválidas), 0 config(s) recebido(s), 4.8 s

[e2e] capotamento: 3 cópias publicadas (773 bytes cada), 1 linha gravada (tractor-02-1789915575-1), visível 0.00 s depois
PASSED
tests/e2e/test_rollover_and_outage.py::test_device_outage_triggers_lwt_and_recovers 
$ /home/ntl/workspace/SomposSprints/api/.venv/bin/python /home/ntl/workspace/SomposSprints/scripts/simulate_device.py --scenario queda --device-id tractor-02 --prefix agrishield/fiap-sompo-2026-e2e-c62dff50 --host broker.hivemq.com --port 1883 --summary-json /tmp/pytest-of-ntl/pytest-103/test_device_outage_triggers_lw0/sim-queda-302f36.json --clean-retained --down-seconds 12
[sim] cenário 'queda' | device=tractor-02 | broker=broker.hivemq.com:1883 | prefixo=agrishield/fiap-sompo-2026-e2e-c62dff50
[sim] conectado a broker.hivemq.com:1883 em 0.98 s
[sim] status -> online (retained)
[sim] telemetria seq=1 roll=5.5° nível=green
[sim] telemetria seq=2 roll=5.5° nível=green
[sim] conexão morta sem DISCONNECT (o LWT dispara em ~8 s)
[sim] fora do ar por 12 s
[sim] conectado a broker.hivemq.com:1883 em 1.00 s
[sim] status -> online (retained)
[sim] telemetria seq=3 roll=6.6° nível=green
[sim] telemetria seq=4 roll=5° nível=green
[sim] telemetria seq=5 roll=5° nível=green
[sim] retained apagado em agrishield/fiap-sompo-2026-e2e-c62dff50/devices/tractor-02/status
[sim] retained apagado em agrishield/fiap-sompo-2026-e2e-c62dff50/devices/tractor-02/config
[sim] desconectado (saída limpa)
[sim] resumo salvo em /tmp/pytest-of-ntl/pytest-103/test_device_outage_triggers_lw0/sim-queda-302f36.json
[sim] fim: 7 publicações (7 válidas, 0 inválidas), 0 config(s) recebido(s), 17.6 s

[e2e] queda: fora do ar por 12.0 s; primeira mensagem nova 1.32 s após o início da reconexão
[e2e] queda: 3 leitura(s) gravada(s) depois da reconexão (a partir de seq=3), visíveis 0.00 s depois
[e2e] queda: painel de volta em `online` (0.4 s desde a última telemetria)
PASSED
tests/e2e/test_rollover_and_outage.py::test_tilt_alert_crossing_the_limit_is_stored_once 
$ /home/ntl/workspace/SomposSprints/api/.venv/bin/python /home/ntl/workspace/SomposSprints/scripts/simulate_device.py --scenario alerta --device-id tractor-02 --prefix agrishield/fiap-sompo-2026-e2e-c62dff50 --host broker.hivemq.com --port 1883 --summary-json /tmp/pytest-of-ntl/pytest-103/test_tilt_alert_crossing_the_l0/sim-alerta-c4d9da.json --clean-retained --count 8 --interval 0.3
[sim] cenário 'alerta' | device=tractor-02 | broker=broker.hivemq.com:1883 | prefixo=agrishield/fiap-sompo-2026-e2e-c62dff50
[sim] conectado a broker.hivemq.com:1883 em 0.99 s
[sim] status -> online (retained)
[sim] telemetria seq=1 roll=4° nível=green
[sim] telemetria seq=2 roll=5.3° nível=green
[sim] telemetria seq=3 roll=6.6° nível=green
[sim] telemetria seq=4 roll=7.9° nível=green
[sim] telemetria seq=5 roll=9.1° nível=yellow
[sim] telemetria seq=6 roll=10.4° nível=red
[sim] evento 'tilt_alert' id=tractor-02-1789915597-1 (167 bytes) × 3 cópias
[sim] telemetria seq=7 roll=11.7° nível=red
[sim] telemetria seq=8 roll=13° nível=red
[sim] retained apagado em agrishield/fiap-sompo-2026-e2e-c62dff50/devices/tractor-02/status
[sim] retained apagado em agrishield/fiap-sompo-2026-e2e-c62dff50/devices/tractor-02/config
[sim] desconectado (saída limpa)
[sim] resumo salvo em /tmp/pytest-of-ntl/pytest-103/test_tilt_alert_crossing_the_l0/sim-alerta-c4d9da.json
[sim] fim: 12 publicações (12 válidas, 0 inválidas), 0 config(s) recebido(s), 5.6 s

[e2e] alerta: níveis gravados ['green', 'green', 'green', 'green', 'yellow', 'red', 'red', 'red'] (evento tractor-02-1789915597-1 em 10.4°, visível 0.00 s depois)
PASSED
tests/e2e/test_telemetry_flow.py::test_normal_scenario_reaches_database_and_endpoints 
$ /home/ntl/workspace/SomposSprints/api/.venv/bin/python /home/ntl/workspace/SomposSprints/scripts/simulate_device.py --scenario normal --device-id tractor-02 --prefix agrishield/fiap-sompo-2026-e2e-c62dff50 --host broker.hivemq.com --port 1883 --summary-json /tmp/pytest-of-ntl/pytest-103/test_normal_scenario_reaches_d0/sim-normal-bf5800.json --clean-retained --count 6 --interval 0.5
[sim] cenário 'normal' | device=tractor-02 | broker=broker.hivemq.com:1883 | prefixo=agrishield/fiap-sompo-2026-e2e-c62dff50
[sim] conectado a broker.hivemq.com:1883 em 0.99 s
[sim] status -> online (retained)
[sim] telemetria seq=1 roll=4.2° nível=green
[sim] telemetria seq=2 roll=5.1° nível=green
[sim] telemetria seq=3 roll=6.3° nível=green
[sim] telemetria seq=4 roll=5.4° nível=green
[sim] telemetria seq=5 roll=4.8° nível=green
[sim] telemetria seq=6 roll=6° nível=green
[sim] retained apagado em agrishield/fiap-sompo-2026-e2e-c62dff50/devices/tractor-02/status
[sim] retained apagado em agrishield/fiap-sompo-2026-e2e-c62dff50/devices/tractor-02/config
[sim] desconectado (saída limpa)
[sim] resumo salvo em /tmp/pytest-of-ntl/pytest-103/test_normal_scenario_reaches_d0/sim-normal-bf5800.json
[sim] fim: 7 publicações (7 válidas, 0 inválidas), 0 config(s) recebido(s), 4.3 s

[e2e] 6/6 leituras gravadas; última visível 0.00 s após o fim do cenário
[e2e] status do painel: online (0.4 s desde a última telemetria)
PASSED
tests/e2e/test_telemetry_flow.py::test_panel_latency_is_within_budget [sim] conectado a broker.hivemq.com:1883 em 0.99 s
[sim] status -> online (retained)
[sim] telemetria seq=1 roll=5° nível=green
[sim] telemetria seq=2 roll=17.3° nível=red
[e2e] W5 — nível disponível na API em 0.392 s e ponto no gráfico em 0.408 s depois da publicação (orçamento: 1.0 s e 5.0 s, já descontados os 2 s de recarga do front)
PASSED[sim] retained apagado em agrishield/fiap-sompo-2026-e2e-c62dff50/devices/tractor-02/status
[sim] retained apagado em agrishield/fiap-sompo-2026-e2e-c62dff50/devices/tractor-02/config
[sim] desconectado (saída limpa)


=============================== warnings summary ===============================
.venv/lib/python3.12/site-packages/fastapi/testclient.py:1
  /home/ntl/workspace/SomposSprints/api/.venv/lib/python3.12/site-packages/fastapi/testclient.py:1: StarletteDeprecationWarning: Using `httpx` with `starlette.testclient` is deprecated; install `httpx2` instead.
    from starlette.testclient import TestClient as TestClient  # noqa

.venv/lib/python3.12/site-packages/starlette/testclient.py:53
  /home/ntl/workspace/SomposSprints/api/.venv/lib/python3.12/site-packages/starlette/testclient.py:53: DeprecationWarning: The anyio.abc.BlockingPortal alias is deprecated, use anyio.from_thread.BlockingPortal instead.
    _PortalFactoryType = Callable[[], AbstractContextManager[anyio.abc.BlockingPortal]]

-- Docs: https://docs.pytest.org/en/stable/how-to/capture-warnings.html
========== 15 passed, 586 deselected, 2 warnings in 117.30s (0:01:57) ==========
